# JRE version: OpenJDK Runtime Environment Microsoft-8035246 (17.0.8+7) (build 17.0.8+7-LTS)
# Java VM: OpenJDK 64-Bit Server VM Microsoft-8035246 (17.0.8+7-LTS, mixed mode, sharing, tiered, compressed oops, compressed class ptrs, g1 gc, windows-amd64)
GC Precious Log:
 CPUs: 4 total, 4 available
 Memory: 8079M
 Large Page Support: Disabled
 NUMA Support: Disabled
 Compressed Oops: Enabled (32-bit)
 Heap Region Size: 1M
 Heap Min Capacity: 8M
 Heap Initial Capacity: 128M
 Heap Max Capacity: 2G
 Pre-touch: Disabled
 Parallel Workers: 4
 Concurrent Workers: 1
 Concurrent Refinement Workers: 4
 Periodic GC: Disabled
Heap:
 garbage-first heap   total 400384K, used 247383K [0x0000000080000000, 0x0000000100000000)
  region size 1024K, 137 young (140288K), 8 survivors (8192K)
 Metaspace       used 104739K, committed 105664K, reserved 557056K
  class space    used 14417K, committed 14848K, reserved 425984K
GC Heap History (20 events):
Event: 26.039 GC heap before
{Heap before GC invocations=37 (full 0):
 garbage-first heap   total 142336K, used 116785K [0x0000000080000000, 0x0000000100000000)
  region size 1024K, 40 young (40960K), 1 survivors (1024K)
 Metaspace       used 70144K, committed 70912K, reserved 491520K
  class space    used 9940K, committed 10304K, reserved 425984K
}
Event: 26.044 GC heap after
{Heap after GC invocations=38 (full 0):
 garbage-first heap   total 191488K, used 77657K [0x0000000080000000, 0x0000000100000000)
  region size 1024K, 2 young (2048K), 2 survivors (2048K)
 Metaspace       used 70144K, committed 70912K, reserved 491520K
  class space    used 9940K, committed 10304K, reserved 425984K
}
Event: 27.633 GC heap before
{Heap before GC invocations=39 (full 0):
 garbage-first heap   total 191488K, used 159577K [0x0000000080000000, 0x0000000100000000)
  region size 1024K, 76 young (77824K), 2 survivors (2048K)
 Metaspace       used 74419K, committed 75264K, reserved 491520K
  class space    used 10415K, committed 10816K, reserved 425984K
}
Event: 27.643 GC heap after
{Heap after GC invocations=40 (full 0):
 garbage-first heap   total 191488K, used 91340K [0x0000000080000000, 0x0000000100000000)
  region size 1024K, 9 young (9216K), 9 survivors (9216K)
 Metaspace       used 74419K, committed 75264K, reserved 491520K
  class space    used 10415K, committed 10816K, reserved 425984K
}
Event: 27.655 GC heap before
{Heap before GC invocations=40 (full 0):
 garbage-first heap   total 191488K, used 92364K [0x0000000080000000, 0x0000000100000000)
  region size 1024K, 10 young (10240K), 9 survivors (9216K)
 Metaspace       used 74514K, committed 75328K, reserved 491520K
  class space    used 10429K, committed 10816K, reserved 425984K
}
Event: 27.664 GC heap after
{Heap after GC invocations=41 (full 0):
 garbage-first heap   total 191488K, used 91348K [0x0000000080000000, 0x0000000100000000)
  region size 1024K, 1 young (1024K), 1 survivors (1024K)
 Metaspace       used 74514K, committed 75328K, reserved 491520K
  class space    used 10429K, committed 10816K, reserved 425984K
}
Event: 28.247 GC heap before
{Heap before GC invocations=41 (full 0):
 garbage-first heap   total 191488K, used 118996K [0x0000000080000000, 0x0000000100000000)
  region size 1024K, 29 young (29696K), 1 survivors (1024K)
 Metaspace       used 77835K, committed 78720K, reserved 557056K
  class space    used 10777K, committed 11200K, reserved 425984K
}
Event: 28.251 GC heap after
{Heap after GC invocations=42 (full 0):
 garbage-first heap   total 191488K, used 93044K [0x0000000080000000, 0x0000000100000000)
  region size 1024K, 3 young (3072K), 3 survivors (3072K)
 Metaspace       used 77835K, committed 78720K, reserved 557056K
  class space    used 10777K, committed 11200K, reserved 425984K
}
Event: 29.446 GC heap before
{Heap before GC invocations=43 (full 0):
 garbage-first heap   total 191488K, used 160628K [0x0000000080000000, 0x0000000100000000)
  region size 1024K, 64 young (65536K), 3 survivors (3072K)
 Metaspace       used 81383K, committed 82176K, reserved 557056K
  class space    used 11256K, committed 11648K, reserved 425984K
}
Event: 29.462 GC heap after
{Heap after GC invocations=44 (full 0):
 garbage-first heap   total 191488K, used 98657K [0x0000000080000000, 0x0000000100000000)
  region size 1024K, 7 young (7168K), 7 survivors (7168K)
 Metaspace       used 81383K, committed 82176K, reserved 557056K
  class space    used 11256K, committed 11648K, reserved 425984K
}
Event: 29.511 GC heap before
{Heap before GC invocations=44 (full 0):
 garbage-first heap   total 191488K, used 100705K [0x0000000080000000, 0x0000000100000000)
  region size 1024K, 9 young (9216K), 7 survivors (7168K)
 Metaspace       used 81514K, committed 82304K, reserved 557056K
  class space    used 11279K, committed 11648K, reserved 425984K
}
Event: 29.520 GC heap after
{Heap after GC invocations=45 (full 0):
 garbage-first heap   total 191488K, used 99257K [0x0000000080000000, 0x0000000100000000)
  region size 1024K, 1 young (1024K), 1 survivors (1024K)
 Metaspace       used 81514K, committed 82304K, reserved 557056K
  class space    used 11279K, committed 11648K, reserved 425984K
}
Event: 30.722 GC heap before
{Heap before GC invocations=45 (full 0):
 garbage-first heap   total 191488K, used 157625K [0x0000000080000000, 0x0000000100000000)
  region size 1024K, 58 young (59392K), 1 survivors (1024K)
 Metaspace       used 85611K, committed 86528K, reserved 557056K
  class space    used 11847K, committed 12288K, reserved 425984K
}
Event: 30.729 GC heap after
{Heap after GC invocations=46 (full 0):
 garbage-first heap   total 191488K, used 101586K [0x0000000080000000, 0x0000000100000000)
  region size 1024K, 4 young (4096K), 4 survivors (4096K)
 Metaspace       used 85611K, committed 86528K, reserved 557056K
  class space    used 11847K, committed 12288K, reserved 425984K
}
Event: 31.685 GC heap before
{Heap before GC invocations=47 (full 0):
 garbage-first heap   total 191488K, used 158930K [0x0000000080000000, 0x0000000100000000)
  region size 1024K, 60 young (61440K), 4 survivors (4096K)
 Metaspace       used 87672K, committed 88512K, reserved 557056K
  class space    used 12116K, committed 12544K, reserved 425984K
}
Event: 31.695 GC heap after
{Heap after GC invocations=48 (full 0):
 garbage-first heap   total 191488K, used 104652K [0x0000000080000000, 0x0000000100000000)
  region size 1024K, 7 young (7168K), 7 survivors (7168K)
 Metaspace       used 87672K, committed 88512K, reserved 557056K
  class space    used 12116K, committed 12544K, reserved 425984K
}
Event: 31.727 GC heap before
{Heap before GC invocations=48 (full 0):
 garbage-first heap   total 191488K, used 105676K [0x0000000080000000, 0x0000000100000000)
  region size 1024K, 9 young (9216K), 7 survivors (7168K)
 Metaspace       used 87789K, committed 88640K, reserved 557056K
  class space    used 12131K, committed 12544K, reserved 425984K
}
Event: 31.741 GC heap after
{Heap after GC invocations=49 (full 0):
 garbage-first heap   total 400384K, used 105284K [0x0000000080000000, 0x0000000100000000)
  region size 1024K, 1 young (1024K), 1 survivors (1024K)
 Metaspace       used 87789K, committed 88640K, reserved 557056K
  class space    used 12131K, committed 12544K, reserved 425984K
}
Event: 35.219 GC heap before
{Heap before GC invocations=49 (full 0):
 garbage-first heap   total 400384K, used 282436K [0x0000000080000000, 0x0000000100000000)
  region size 1024K, 174 young (178176K), 1 survivors (1024K)
 Metaspace       used 100769K, committed 101696K, reserved 557056K
  class space    used 14072K, committed 14528K, reserved 425984K
}
Event: 35.239 GC heap after
{Heap after GC invocations=50 (full 0):
 garbage-first heap   total 400384K, used 112215K [0x0000000080000000, 0x0000000100000000)
  region size 1024K, 8 young (8192K), 8 survivors (8192K)
 Metaspace       used 100769K, committed 101696K, reserved 557056K
  class space    used 14072K, committed 14528K, reserved 425984K
}

