# JRE version: OpenJDK Runtime Environment Microsoft-8035246 (17.0.8+7) (build 17.0.8+7-LTS)
# Java VM: OpenJDK 64-Bit Server VM Microsoft-8035246 (17.0.8+7-LTS, mixed mode, sharing, tiered, compressed oops, compressed class ptrs, g1 gc, windows-amd64)
GC Precious Log:
 CPUs: 4 total, 4 available
 Memory: 8079M
 Large Page Support: Disabled
 NUMA Support: Disabled
 Compressed Oops: Enabled (32-bit)
 Heap Region Size: 1M
 Heap Min Capacity: 8M
 Heap Initial Capacity: 128M
 Heap Max Capacity: 2G
 Pre-touch: Disabled
 Parallel Workers: 4
 Concurrent Workers: 1
 Concurrent Refinement Workers: 4
 Periodic GC: Disabled
Heap:
 garbage-first heap   total 378880K, used 139191K [0x0000000080000000, 0x0000000100000000)
  region size 1024K, 37 young (37888K), 21 survivors (21504K)
 Metaspace       used 104748K, committed 105664K, reserved 557056K
  class space    used 14414K, committed 14848K, reserved 425984K
GC Heap History (20 events):
Event: 27.467 GC heap before
{Heap before GC invocations=38 (full 0):
 garbage-first heap   total 164864K, used 143108K [0x0000000080000000, 0x0000000100000000)
  region size 1024K, 61 young (62464K), 3 survivors (3072K)
 Metaspace       used 74534K, committed 75328K, reserved 491520K
  class space    used 10427K, committed 10816K, reserved 425984K
}
Event: 27.476 GC heap after
{Heap after GC invocations=39 (full 0):
 garbage-first heap   total 164864K, used 90223K [0x0000000080000000, 0x0000000100000000)
  region size 1024K, 8 young (8192K), 8 survivors (8192K)
 Metaspace       used 74534K, committed 75328K, reserved 491520K
  class space    used 10427K, committed 10816K, reserved 425984K
}
Event: 27.494 GC heap before
{Heap before GC invocations=39 (full 0):
 garbage-first heap   total 164864K, used 91247K [0x0000000080000000, 0x0000000100000000)
  region size 1024K, 9 young (9216K), 8 survivors (8192K)
 Metaspace       used 74647K, committed 75456K, reserved 491520K
  class space    used 10437K, committed 10816K, reserved 425984K
}
Event: 27.502 GC heap after
{Heap after GC invocations=40 (full 0):
 garbage-first heap   total 164864K, used 90736K [0x0000000080000000, 0x0000000100000000)
  region size 1024K, 1 young (1024K), 1 survivors (1024K)
 Metaspace       used 74647K, committed 75456K, reserved 491520K
  class space    used 10437K, committed 10816K, reserved 425984K
}
Event: 28.056 GC heap before
{Heap before GC invocations=40 (full 0):
 garbage-first heap   total 164864K, used 117360K [0x0000000080000000, 0x0000000100000000)
  region size 1024K, 28 young (28672K), 1 survivors (1024K)
 Metaspace       used 77855K, committed 78720K, reserved 557056K
  class space    used 10773K, committed 11200K, reserved 425984K
}
Event: 28.061 GC heap after
{Heap after GC invocations=41 (full 0):
 garbage-first heap   total 164864K, used 92275K [0x0000000080000000, 0x0000000100000000)
  region size 1024K, 3 young (3072K), 3 survivors (3072K)
 Metaspace       used 77855K, committed 78720K, reserved 557056K
  class space    used 10773K, committed 11200K, reserved 425984K
}
Event: 28.844 GC heap before
{Heap before GC invocations=42 (full 0):
 garbage-first heap   total 189440K, used 141427K [0x0000000080000000, 0x0000000100000000)
  region size 1024K, 46 young (47104K), 3 survivors (3072K)
 Metaspace       used 80160K, committed 80960K, reserved 557056K
  class space    used 11098K, committed 11456K, reserved 425984K
}
Event: 28.854 GC heap after
{Heap after GC invocations=43 (full 0):
 garbage-first heap   total 189440K, used 96943K [0x0000000080000000, 0x0000000100000000)
  region size 1024K, 6 young (6144K), 6 survivors (6144K)
 Metaspace       used 80160K, committed 80960K, reserved 557056K
  class space    used 11098K, committed 11456K, reserved 425984K
}
Event: 28.903 GC heap before
{Heap before GC invocations=43 (full 0):
 garbage-first heap   total 189440K, used 100015K [0x0000000080000000, 0x0000000100000000)
  region size 1024K, 9 young (9216K), 6 survivors (6144K)
 Metaspace       used 80371K, committed 81216K, reserved 557056K
  class space    used 11123K, committed 11520K, reserved 425984K
}
Event: 28.911 GC heap after
{Heap after GC invocations=44 (full 0):
 garbage-first heap   total 189440K, used 97548K [0x0000000080000000, 0x0000000100000000)
  region size 1024K, 1 young (1024K), 1 survivors (1024K)
 Metaspace       used 80371K, committed 81216K, reserved 557056K
  class space    used 11123K, committed 11520K, reserved 425984K
}
Event: 29.668 GC heap before
{Heap before GC invocations=44 (full 0):
 garbage-first heap   total 189440K, used 150796K [0x0000000080000000, 0x0000000100000000)
  region size 1024K, 53 young (54272K), 1 survivors (1024K)
 Metaspace       used 84134K, committed 84992K, reserved 557056K
  class space    used 11638K, committed 12032K, reserved 425984K
}
Event: 29.672 GC heap after
{Heap after GC invocations=45 (full 0):
 garbage-first heap   total 189440K, used 99019K [0x0000000080000000, 0x0000000100000000)
  region size 1024K, 3 young (3072K), 3 survivors (3072K)
 Metaspace       used 84134K, committed 84992K, reserved 557056K
  class space    used 11638K, committed 12032K, reserved 425984K
}
Event: 30.417 GC heap before
{Heap before GC invocations=46 (full 0):
 garbage-first heap   total 189440K, used 153291K [0x0000000080000000, 0x0000000100000000)
  region size 1024K, 56 young (57344K), 3 survivors (3072K)
 Metaspace       used 85828K, committed 86720K, reserved 557056K
  class space    used 11860K, committed 12288K, reserved 425984K
}
Event: 30.427 GC heap after
{Heap after GC invocations=47 (full 0):
 garbage-first heap   total 189440K, used 103273K [0x0000000080000000, 0x0000000100000000)
  region size 1024K, 7 young (7168K), 7 survivors (7168K)
 Metaspace       used 85828K, committed 86720K, reserved 557056K
  class space    used 11860K, committed 12288K, reserved 425984K
}
Event: 30.475 GC heap before
{Heap before GC invocations=47 (full 0):
 garbage-first heap   total 189440K, used 104297K [0x0000000080000000, 0x0000000100000000)
  region size 1024K, 9 young (9216K), 7 survivors (7168K)
 Metaspace       used 85996K, committed 86848K, reserved 557056K
  class space    used 11876K, committed 12288K, reserved 425984K
}
Event: 30.494 GC heap after
{Heap after GC invocations=48 (full 0):
 garbage-first heap   total 378880K, used 103849K [0x0000000080000000, 0x0000000100000000)
  region size 1024K, 1 young (1024K), 1 survivors (1024K)
 Metaspace       used 85996K, committed 86848K, reserved 557056K
  class space    used 11876K, committed 12288K, reserved 425984K
}
Event: 33.257 GC heap before
{Heap before GC invocations=48 (full 0):
 garbage-first heap   total 378880K, used 258473K [0x0000000080000000, 0x0000000100000000)
  region size 1024K, 151 young (154624K), 1 survivors (1024K)
 Metaspace       used 96210K, committed 97152K, reserved 557056K
  class space    used 13450K, committed 13888K, reserved 425984K
}
Event: 33.270 GC heap after
{Heap after GC invocations=49 (full 0):
 garbage-first heap   total 378880K, used 109658K [0x0000000080000000, 0x0000000100000000)
  region size 1024K, 7 young (7168K), 7 survivors (7168K)
 Metaspace       used 96210K, committed 97152K, reserved 557056K
  class space    used 13450K, committed 13888K, reserved 425984K
}
Event: 36.637 GC heap before
{Heap before GC invocations=49 (full 0):
 garbage-first heap   total 378880K, used 305242K [0x0000000080000000, 0x0000000100000000)
  region size 1024K, 194 young (198656K), 7 survivors (7168K)
 Metaspace       used 104733K, committed 105664K, reserved 557056K
  class space    used 14412K, committed 14848K, reserved 425984K
}
Event: 36.665 GC heap after
{Heap after GC invocations=50 (full 0):
 garbage-first heap   total 378880K, used 123831K [0x0000000080000000, 0x0000000100000000)
  region size 1024K, 21 young (21504K), 21 survivors (21504K)
 Metaspace       used 104733K, committed 105664K, reserved 557056K
  class space    used 14412K, committed 14848K, reserved 425984K
}

